Index,Task ID,Task Content,Reply
1,0086d7d7-69d8-4d90-b212-ba1c810c1e9b,SELECT Employees.Name FROM Employees JOIN Departments ON Employees.DepartmentID = Departments.DepartmentID WHERE Departments.DepartmentName = 'IT';,", Name, DepartmentID) and Departments (DepartmentID, DepartmentName). Use a JOIN operation between the tables on the DepartmentID column, coupled with a WHERE clause to filter for the 'IT' department in the Department"
2,ef130b1f-a1a1-48a4-8039-11f7e0538dd2,SELECT E.EmployeeName FROM Employees E INNER JOIN Departments D ON E.DepartmentID = D.DepartmentID WHERE D.DepartmentName = 'IT',"This requires a JOIN operation between the Employees and Departments tables on the DepartmentID column, along with a WHERE clause to filter for 'IT' in the DepartmentName column. 
The expected outcome is a list of names of employees in the IT department. "
3,4af38c24-adac-4b70-832d-24ad6c4c1a23,SELECT Employees.Name FROM Employees INNER JOIN Departments ON Employees.DepartmentID = Departments.DepartmentID WHERE Departments.DepartmentName = 'IT',"Seq Scan on Departments  (cost=0.00..1.05 rows=1 width=4) (actual time=0.013..0.013 rows=1 loops=1)
  Filter: (DepartmentName = 'IT')
  Rows Removed by Filter: 1
Nested Loop  (cost=0.00..2.10 rows=1 width=15) (actual time=0.027..0.030 rows=2 loops=1)
  ->  Seq Scan on Employees  (cost=0.00..1.03 rows=3 width=19) (actual time=0.010..0.011 rows=3 loops=1)
  ->  Index Scan using department_id_idx on Departments  (cost=0.00..0.35 rows=1 width=4) (actual time=0.005..0.005 rows=1 loops=3)
        Index Cond: (DepartmentID = Employees.DepartmentID)
Total runtime: 0.047 ms
"
4,d8451515-5c93-4f38-8d6b-25a9ac5fc8ce,SELECT E.Name FROM Employees E JOIN Departments D ON E.DepartmentID = D.DepartmentID WHERE D.DepartmentName = 'IT',"Seq Scan on Departments  (cost=0.00..1.05 rows=1 width=4) (actual time=0.013..0.013 rows=1 loops=1)
  Filter: (DepartmentName = 'IT')
  Rows Removed by Filter: 1
Nested Loop  (cost=0.00..2.10 rows=1 width=15) (actual time=0.027..0.030 rows=2 loops=1)
  ->  Seq Scan on Employees  (cost=0.00..1.03 rows=3 width=19) (actual time=0.010..0.011 rows=3 loops=1)
  ->  Index Scan using department_id_idx on Departments  (cost=0.00..0.35 rows=1 width=4) (actual time=0.005..0.005 rows=1 loops=3)
        Index Cond: (DepartmentID = Employees.DepartmentID)
Total runtime: 0.047 ms
"
5,0a87947c-70e3-4163-88b8-1db293dee879,"SELECT Employees.name AS EmployeeName, Department.DepartmentName FROM Employees INNER JOIN Department ON Employees.DepartmentID = Department.DepartmentID WHERE Department.DepartmentName = 'IT'","Seq Scan on Departments  (cost=0.00..1.05 rows=1 width=4) (actual time=0.013..0.013 rows=1 loops=1)
  Filter: (DepartmentName = 'IT')
  Rows Removed by Filter: 1
Nested Loop  (cost=0.00..2.10 rows=1 width=15) (actual time=0.027..0.030 rows=2 loops=1)
  ->  Seq Scan on Employees  (cost=0.00..1.03 rows=3 width=19) (actual time=0.010..0.011 rows=3 loops=1)
  ->  Index Scan using department_id_idx on Departments  (cost=0.00..0.35 rows=1 width=4) (actual time=0.005..0.005 rows=1 loops=3)
        Index Cond: (DepartmentID = Employees.DepartmentID)
Total runtime: 0.047 ms
"
6,207873fd-bbf3-4661-bad9-fd33ab5cfe04,SHOW TABLE STATUS FROM MegaShopDB LIKE 'product_listings'; SHOW TABLE STATUS FROM MegaShopDB LIKE 'customer_orders';,"1. **Result for `product_listings` table:**

   | Name              | Engine | Version | Row_format | Rows  | Avg_row_length | Data_length | Max_data_length | Index_length | Data_free | Auto_increment | Create_time         | Update_time         | Check_time | Collation         | Checksum | Create_options | Comment |
   |-------------------|--------|---------|------------|-------|----------------|-------------|-----------------|--------------|-----------|----------------|---------------------|---------------------|------------|------------------|----------|----------------|---------|
   | product_listings  | InnoDB | 10      | Dynamic    | 98250 | 196            | 19250000    | 0               | 5500000      | 0         | 100001         | 2023-12-20 12:45:10 | 2023-12-20 13:05:15 | NULL       | utf8_general_ci  | NULL     |                |         |

2. **Result for `customer_orders` table:**

   | Name            | Engine | Version | Row_format | Rows   | Avg_row_length | Data_length | Max_data_length | Index_length | Data_free | Auto_increment | Create_time         | Update_time         | Check_time | Collation         | Checksum | Create_options | Comment |
   |-----------------|--------|---------|------------|--------|----------------|-------------|-----------------|--------------|-----------|----------------|---------------------|---------------------|------------|------------------|----------|----------------|---------|
   | customer_orders | InnoDB | 10      | Dynamic    | 145000 | 234            | 33930000    | 0               | 7500000      | 0         | 145001         | 2023-12-20 08:20:05 | 2023-12-20 13:10:20 | NULL       | utf8_general_ci  | NULL     |                |         |

"
7,b263c18f-f6e3-4155-9ba2-ad26484dd9de,"SHOW GLOBAL VARIABLES LIKE 'slow_query_log'; SHOW GLOBAL VARIABLES LIKE 'long_query_time'; SHOW GLOBAL VARIABLES LIKE 'slow_query_log_file'; SELECT start_time, user_host, query_time, lock_time, rows_sent, rows_examined, db, sql_text FROM mysql.slow_log WHERE db = 'MegaShopDB' AND sql_text LIKE '%product_listings%' OR sql_text LIKE '%customer_orders%' ORDER BY start_time DESC;","### Simulated SQL Command Results

#### SHOW GLOBAL VARIABLES LIKE 'slow_query_log';

| Variable_name   | Value |
|-----------------|-------|
| slow_query_log  | ON    |

#### SHOW GLOBAL VARIABLES LIKE 'long_query_time';

| Variable_name   | Value |
|-----------------|-------|
| long_query_time | 2.0   |

#### SHOW GLOBAL VARIABLES LIKE 'slow_query_log_file';

| Variable_name       | Value                               |
|---------------------|-------------------------------------|
| slow_query_log_file | /var/log/mysql/mysql-slow.log       |

#### SELECT start_time, user_host, query_time, lock_time, rows_sent, rows_examined, db, sql_text FROM mysql.slow_log WHERE db = 'MegaShopDB' AND (sql_text LIKE '%product_listings%' OR sql_text LIKE '%customer_orders%') ORDER BY start_time DESC;

| start_time           | user_host       | query_time | lock_time | rows_sent | rows_examined | db         | sql_text                                                |
|----------------------|-----------------|------------|-----------|-----------|---------------|------------|---------------------------------------------------------|
| 2023-12-20 14:45:03  | john@10.0.0.5   | 00:00:03   | 00:00:00  | 1200      | 5000          | MegaShopDB | SELECT * FROM product_listings WHERE category = 'Electronics' |
| 2023-12-20 13:30:45  | admin@10.0.0.3  | 00:00:05   | 00:00:01  | 500       | 4500          | MegaShopDB | UPDATE customer_orders SET status = 'Shipped' WHERE order_id = 10234 |
| 2023-12-20 11:15:10  | mary@10.0.0.7   | 00:00:04   | 00:00:00  | 200       | 2000          | MegaShopDB | SELECT * FROM product_listings WHERE price > 100 AND in_stock = 1 |
| 2023-12-19 17:05:22  | dave@10.0.0.2   | 00:00:02   | 00:00:00  | 100       | 1500          | MegaShopDB | INSERT INTO customer_orders (customer_id, order_details) VALUES (123, 'Order Details...') |
"
8,6a573b15-a014-4124-8533-26975e08e368,"SHOW MONITORING FOR StartUpDB WHERE tables IN ('user_data', 'product_usage');","I'm sorry, but the command SHOW MONITORING FOR [database] WHERE tables IN (...) is not a valid MySQL command. MySQL doesn't natively support this kind of command for monitoring specific tables within a database. Monitoring in MySQL is typically done using the SHOW STATUS, SHOW PROCESSLIST, or the Performance Schema, and for more detailed monitoring, tools like Prometheus are used. However, these tools would require specific queries or configurations external to MySQL's standard query interface."
